/home/addinedu/dev_ws/vic_pinky/install/vic_pinky/lib/python3.12/site-packages/vic_pinky/arcs_current_position_publisher.py
/home/addinedu/dev_ws/vic_pinky/install/vic_pinky/lib/python3.12/site-packages/vic_pinky/arcs_aggregator.py
/home/addinedu/dev_ws/vic_pinky/install/vic_pinky/lib/python3.12/site-packages/vic_pinky/arcs_arrival_sender.py
/home/addinedu/dev_ws/vic_pinky/install/vic_pinky/lib/python3.12/site-packages/vic_pinky/arcs_loadcell_publisher.py
/home/addinedu/dev_ws/vic_pinky/install/vic_pinky/lib/python3.12/site-packages/vic_pinky/arcs_commander.py
/home/addinedu/dev_ws/vic_pinky/install/vic_pinky/lib/python3.12/site-packages/vic_pinky/arcs_follower.py
/home/addinedu/dev_ws/vic_pinky/install/vic_pinky/lib/python3.12/site-packages/vic_pinky/arcs_navigator.py
/home/addinedu/dev_ws/vic_pinky/install/vic_pinky/lib/python3.12/site-packages/vic_pinky/ip_test.py
/home/addinedu/dev_ws/vic_pinky/install/vic_pinky/lib/python3.12/site-packages/vic_pinky/__init__.py
/home/addinedu/dev_ws/vic_pinky/install/vic_pinky/lib/python3.12/site-packages/vic_pinky/__pycache__/arcs_current_position_publisher.cpython-312.pyc
/home/addinedu/dev_ws/vic_pinky/install/vic_pinky/lib/python3.12/site-packages/vic_pinky/__pycache__/arcs_aggregator.cpython-312.pyc
/home/addinedu/dev_ws/vic_pinky/install/vic_pinky/lib/python3.12/site-packages/vic_pinky/__pycache__/arcs_arrival_sender.cpython-312.pyc
/home/addinedu/dev_ws/vic_pinky/install/vic_pinky/lib/python3.12/site-packages/vic_pinky/__pycache__/arcs_loadcell_publisher.cpython-312.pyc
/home/addinedu/dev_ws/vic_pinky/install/vic_pinky/lib/python3.12/site-packages/vic_pinky/__pycache__/arcs_commander.cpython-312.pyc
/home/addinedu/dev_ws/vic_pinky/install/vic_pinky/lib/python3.12/site-packages/vic_pinky/__pycache__/arcs_follower.cpython-312.pyc
/home/addinedu/dev_ws/vic_pinky/install/vic_pinky/lib/python3.12/site-packages/vic_pinky/__pycache__/arcs_navigator.cpython-312.pyc
/home/addinedu/dev_ws/vic_pinky/install/vic_pinky/lib/python3.12/site-packages/vic_pinky/__pycache__/ip_test.cpython-312.pyc
/home/addinedu/dev_ws/vic_pinky/install/vic_pinky/lib/python3.12/site-packages/vic_pinky/__pycache__/__init__.cpython-312.pyc
/home/addinedu/dev_ws/vic_pinky/install/vic_pinky/share/ament_index/resource_index/packages/vic_pinky
/home/addinedu/dev_ws/vic_pinky/install/vic_pinky/share/vic_pinky/package.xml
/home/addinedu/dev_ws/vic_pinky/install/vic_pinky/lib/python3.12/site-packages/vic_pinky-0.0.0-py3.12.egg-info/dependency_links.txt
/home/addinedu/dev_ws/vic_pinky/install/vic_pinky/lib/python3.12/site-packages/vic_pinky-0.0.0-py3.12.egg-info/zip-safe
/home/addinedu/dev_ws/vic_pinky/install/vic_pinky/lib/python3.12/site-packages/vic_pinky-0.0.0-py3.12.egg-info/entry_points.txt
/home/addinedu/dev_ws/vic_pinky/install/vic_pinky/lib/python3.12/site-packages/vic_pinky-0.0.0-py3.12.egg-info/requires.txt
/home/addinedu/dev_ws/vic_pinky/install/vic_pinky/lib/python3.12/site-packages/vic_pinky-0.0.0-py3.12.egg-info/PKG-INFO
/home/addinedu/dev_ws/vic_pinky/install/vic_pinky/lib/python3.12/site-packages/vic_pinky-0.0.0-py3.12.egg-info/SOURCES.txt
/home/addinedu/dev_ws/vic_pinky/install/vic_pinky/lib/python3.12/site-packages/vic_pinky-0.0.0-py3.12.egg-info/top_level.txt
/home/addinedu/dev_ws/vic_pinky/install/vic_pinky/lib/vic_pinky/arcs_aggregator
/home/addinedu/dev_ws/vic_pinky/install/vic_pinky/lib/vic_pinky/arcs_arrival_sender
/home/addinedu/dev_ws/vic_pinky/install/vic_pinky/lib/vic_pinky/arcs_avoid
/home/addinedu/dev_ws/vic_pinky/install/vic_pinky/lib/vic_pinky/arcs_commander
/home/addinedu/dev_ws/vic_pinky/install/vic_pinky/lib/vic_pinky/arcs_costmap_follower
/home/addinedu/dev_ws/vic_pinky/install/vic_pinky/lib/vic_pinky/arcs_current_position_publisher
/home/addinedu/dev_ws/vic_pinky/install/vic_pinky/lib/vic_pinky/arcs_distance_publisher
/home/addinedu/dev_ws/vic_pinky/install/vic_pinky/lib/vic_pinky/arcs_follower
/home/addinedu/dev_ws/vic_pinky/install/vic_pinky/lib/vic_pinky/arcs_loadcell_publisher
/home/addinedu/dev_ws/vic_pinky/install/vic_pinky/lib/vic_pinky/arcs_navigator
/home/addinedu/dev_ws/vic_pinky/install/vic_pinky/lib/vic_pinky/arcs_path
/home/addinedu/dev_ws/vic_pinky/install/vic_pinky/lib/vic_pinky/arcs_person
/home/addinedu/dev_ws/vic_pinky/install/vic_pinky/lib/vic_pinky/arcs_simple_follower
/home/addinedu/dev_ws/vic_pinky/install/vic_pinky/lib/vic_pinky/arcs_video
