running egg_info
writing ../../build/vic_pinky/vic_pinky.egg-info/PKG-INFO
writing dependency_links to ../../build/vic_pinky/vic_pinky.egg-info/dependency_links.txt
writing entry points to ../../build/vic_pinky/vic_pinky.egg-info/entry_points.txt
writing requirements to ../../build/vic_pinky/vic_pinky.egg-info/requires.txt
writing top-level names to ../../build/vic_pinky/vic_pinky.egg-info/top_level.txt
reading manifest file '../../build/vic_pinky/vic_pinky.egg-info/SOURCES.txt'
writing manifest file '../../build/vic_pinky/vic_pinky.egg-info/SOURCES.txt'
running build
running build_py
copying vic_pinky/arcs_lidar.py -> /home/addinedu/dev_ws/vic_pinky/build/vic_pinky/build/lib/vic_pinky
copying vic_pinky/arcs_person.py -> /home/addinedu/dev_ws/vic_pinky/build/vic_pinky/build/lib/vic_pinky
copying vic_pinky/arcs_current_position_publisher.py -> /home/addinedu/dev_ws/vic_pinky/build/vic_pinky/build/lib/vic_pinky
copying vic_pinky/arcs_aggregator.py -> /home/addinedu/dev_ws/vic_pinky/build/vic_pinky/build/lib/vic_pinky
copying vic_pinky/arcs_arrival_sender.py -> /home/addinedu/dev_ws/vic_pinky/build/vic_pinky/build/lib/vic_pinky
copying vic_pinky/arcs_path.py -> /home/addinedu/dev_ws/vic_pinky/build/vic_pinky/build/lib/vic_pinky
copying vic_pinky/arcs_loadcell_publisher.py -> /home/addinedu/dev_ws/vic_pinky/build/vic_pinky/build/lib/vic_pinky
copying vic_pinky/arcs_commander.py -> /home/addinedu/dev_ws/vic_pinky/build/vic_pinky/build/lib/vic_pinky
copying vic_pinky/arcs_video.py -> /home/addinedu/dev_ws/vic_pinky/build/vic_pinky/build/lib/vic_pinky
copying vic_pinky/arcs_follower.py -> /home/addinedu/dev_ws/vic_pinky/build/vic_pinky/build/lib/vic_pinky
copying vic_pinky/arcs_box2.py -> /home/addinedu/dev_ws/vic_pinky/build/vic_pinky/build/lib/vic_pinky
copying vic_pinky/arcs_navigator.py -> /home/addinedu/dev_ws/vic_pinky/build/vic_pinky/build/lib/vic_pinky
copying vic_pinky/ip_test.py -> /home/addinedu/dev_ws/vic_pinky/build/vic_pinky/build/lib/vic_pinky
copying vic_pinky/arcs_box.py -> /home/addinedu/dev_ws/vic_pinky/build/vic_pinky/build/lib/vic_pinky
copying vic_pinky/__init__.py -> /home/addinedu/dev_ws/vic_pinky/build/vic_pinky/build/lib/vic_pinky
copying vic_pinky/arcs_avoid.py -> /home/addinedu/dev_ws/vic_pinky/build/vic_pinky/build/lib/vic_pinky
running install
running install_lib
copying /home/addinedu/dev_ws/vic_pinky/build/vic_pinky/build/lib/vic_pinky/arcs_aggregator.py -> /home/addinedu/dev_ws/vic_pinky/install/vic_pinky/lib/python3.12/site-packages/vic_pinky
copying /home/addinedu/dev_ws/vic_pinky/build/vic_pinky/build/lib/vic_pinky/arcs_navigator.py -> /home/addinedu/dev_ws/vic_pinky/install/vic_pinky/lib/python3.12/site-packages/vic_pinky
byte-compiling /home/addinedu/dev_ws/vic_pinky/install/vic_pinky/lib/python3.12/site-packages/vic_pinky/arcs_aggregator.py to arcs_aggregator.cpython-312.pyc
byte-compiling /home/addinedu/dev_ws/vic_pinky/install/vic_pinky/lib/python3.12/site-packages/vic_pinky/arcs_navigator.py to arcs_navigator.cpython-312.pyc
running install_data
running install_egg_info
removing '/home/addinedu/dev_ws/vic_pinky/install/vic_pinky/lib/python3.12/site-packages/vic_pinky-0.0.0-py3.12.egg-info' (and everything under it)
Copying ../../build/vic_pinky/vic_pinky.egg-info to /home/addinedu/dev_ws/vic_pinky/install/vic_pinky/lib/python3.12/site-packages/vic_pinky-0.0.0-py3.12.egg-info
running install_scripts
Installing arcs_aggregator script to /home/addinedu/dev_ws/vic_pinky/install/vic_pinky/lib/vic_pinky
Installing arcs_arrival_sender script to /home/addinedu/dev_ws/vic_pinky/install/vic_pinky/lib/vic_pinky
Installing arcs_avoid script to /home/addinedu/dev_ws/vic_pinky/install/vic_pinky/lib/vic_pinky
Installing arcs_commander script to /home/addinedu/dev_ws/vic_pinky/install/vic_pinky/lib/vic_pinky
Installing arcs_current_position_publisher script to /home/addinedu/dev_ws/vic_pinky/install/vic_pinky/lib/vic_pinky
Installing arcs_distance_publisher script to /home/addinedu/dev_ws/vic_pinky/install/vic_pinky/lib/vic_pinky
Installing arcs_follower script to /home/addinedu/dev_ws/vic_pinky/install/vic_pinky/lib/vic_pinky
Installing arcs_loadcell_publisher script to /home/addinedu/dev_ws/vic_pinky/install/vic_pinky/lib/vic_pinky
Installing arcs_navigator script to /home/addinedu/dev_ws/vic_pinky/install/vic_pinky/lib/vic_pinky
Installing arcs_path script to /home/addinedu/dev_ws/vic_pinky/install/vic_pinky/lib/vic_pinky
Installing arcs_person script to /home/addinedu/dev_ws/vic_pinky/install/vic_pinky/lib/vic_pinky
Installing arcs_video script to /home/addinedu/dev_ws/vic_pinky/install/vic_pinky/lib/vic_pinky
writing list of installed files to '/home/addinedu/dev_ws/vic_pinky/build/vic_pinky/install.log'
