running egg_info
creating ../../build/vic_pinky/vic_pinky.egg-info
writing ../../build/vic_pinky/vic_pinky.egg-info/PKG-INFO
writing dependency_links to ../../build/vic_pinky/vic_pinky.egg-info/dependency_links.txt
writing entry points to ../../build/vic_pinky/vic_pinky.egg-info/entry_points.txt
writing requirements to ../../build/vic_pinky/vic_pinky.egg-info/requires.txt
writing top-level names to ../../build/vic_pinky/vic_pinky.egg-info/top_level.txt
writing manifest file '../../build/vic_pinky/vic_pinky.egg-info/SOURCES.txt'
reading manifest file '../../build/vic_pinky/vic_pinky.egg-info/SOURCES.txt'
writing manifest file '../../build/vic_pinky/vic_pinky.egg-info/SOURCES.txt'
running build
running build_py
creating /home/addinedu/dev_ws/vic_pinky/build/vic_pinky/build/lib/vic_pinky
copying vic_pinky/arcs_lidar.py -> /home/addinedu/dev_ws/vic_pinky/build/vic_pinky/build/lib/vic_pinky
copying vic_pinky/arcs_person.py -> /home/addinedu/dev_ws/vic_pinky/build/vic_pinky/build/lib/vic_pinky
copying vic_pinky/arcs_current_position_publisher.py -> /home/addinedu/dev_ws/vic_pinky/build/vic_pinky/build/lib/vic_pinky
copying vic_pinky/arcs_aggregator.py -> /home/addinedu/dev_ws/vic_pinky/build/vic_pinky/build/lib/vic_pinky
copying vic_pinky/arcs_arrival_sender.py -> /home/addinedu/dev_ws/vic_pinky/build/vic_pinky/build/lib/vic_pinky
copying vic_pinky/arcs_path.py -> /home/addinedu/dev_ws/vic_pinky/build/vic_pinky/build/lib/vic_pinky
copying vic_pinky/arcs_loadcell_publisher.py -> /home/addinedu/dev_ws/vic_pinky/build/vic_pinky/build/lib/vic_pinky
copying vic_pinky/arcs_commander.py -> /home/addinedu/dev_ws/vic_pinky/build/vic_pinky/build/lib/vic_pinky
copying vic_pinky/arcs_video.py -> /home/addinedu/dev_ws/vic_pinky/build/vic_pinky/build/lib/vic_pinky
copying vic_pinky/arcs_follower.py -> /home/addinedu/dev_ws/vic_pinky/build/vic_pinky/build/lib/vic_pinky
copying vic_pinky/arcs_box2.py -> /home/addinedu/dev_ws/vic_pinky/build/vic_pinky/build/lib/vic_pinky
copying vic_pinky/arcs_navigator.py -> /home/addinedu/dev_ws/vic_pinky/build/vic_pinky/build/lib/vic_pinky
copying vic_pinky/ip_test.py -> /home/addinedu/dev_ws/vic_pinky/build/vic_pinky/build/lib/vic_pinky
copying vic_pinky/arcs_box.py -> /home/addinedu/dev_ws/vic_pinky/build/vic_pinky/build/lib/vic_pinky
copying vic_pinky/__init__.py -> /home/addinedu/dev_ws/vic_pinky/build/vic_pinky/build/lib/vic_pinky
copying vic_pinky/arcs_avoid.py -> /home/addinedu/dev_ws/vic_pinky/build/vic_pinky/build/lib/vic_pinky
running install
running install_lib
creating /home/addinedu/dev_ws/vic_pinky/install/vic_pinky/lib/python3.12/site-packages/vic_pinky
copying /home/addinedu/dev_ws/vic_pinky/build/vic_pinky/build/lib/vic_pinky/arcs_lidar.py -> /home/addinedu/dev_ws/vic_pinky/install/vic_pinky/lib/python3.12/site-packages/vic_pinky
copying /home/addinedu/dev_ws/vic_pinky/build/vic_pinky/build/lib/vic_pinky/arcs_person.py -> /home/addinedu/dev_ws/vic_pinky/install/vic_pinky/lib/python3.12/site-packages/vic_pinky
copying /home/addinedu/dev_ws/vic_pinky/build/vic_pinky/build/lib/vic_pinky/arcs_current_position_publisher.py -> /home/addinedu/dev_ws/vic_pinky/install/vic_pinky/lib/python3.12/site-packages/vic_pinky
copying /home/addinedu/dev_ws/vic_pinky/build/vic_pinky/build/lib/vic_pinky/arcs_aggregator.py -> /home/addinedu/dev_ws/vic_pinky/install/vic_pinky/lib/python3.12/site-packages/vic_pinky
copying /home/addinedu/dev_ws/vic_pinky/build/vic_pinky/build/lib/vic_pinky/arcs_arrival_sender.py -> /home/addinedu/dev_ws/vic_pinky/install/vic_pinky/lib/python3.12/site-packages/vic_pinky
copying /home/addinedu/dev_ws/vic_pinky/build/vic_pinky/build/lib/vic_pinky/arcs_path.py -> /home/addinedu/dev_ws/vic_pinky/install/vic_pinky/lib/python3.12/site-packages/vic_pinky
copying /home/addinedu/dev_ws/vic_pinky/build/vic_pinky/build/lib/vic_pinky/arcs_loadcell_publisher.py -> /home/addinedu/dev_ws/vic_pinky/install/vic_pinky/lib/python3.12/site-packages/vic_pinky
copying /home/addinedu/dev_ws/vic_pinky/build/vic_pinky/build/lib/vic_pinky/arcs_commander.py -> /home/addinedu/dev_ws/vic_pinky/install/vic_pinky/lib/python3.12/site-packages/vic_pinky
copying /home/addinedu/dev_ws/vic_pinky/build/vic_pinky/build/lib/vic_pinky/arcs_video.py -> /home/addinedu/dev_ws/vic_pinky/install/vic_pinky/lib/python3.12/site-packages/vic_pinky
copying /home/addinedu/dev_ws/vic_pinky/build/vic_pinky/build/lib/vic_pinky/arcs_follower.py -> /home/addinedu/dev_ws/vic_pinky/install/vic_pinky/lib/python3.12/site-packages/vic_pinky
copying /home/addinedu/dev_ws/vic_pinky/build/vic_pinky/build/lib/vic_pinky/arcs_box2.py -> /home/addinedu/dev_ws/vic_pinky/install/vic_pinky/lib/python3.12/site-packages/vic_pinky
copying /home/addinedu/dev_ws/vic_pinky/build/vic_pinky/build/lib/vic_pinky/arcs_navigator.py -> /home/addinedu/dev_ws/vic_pinky/install/vic_pinky/lib/python3.12/site-packages/vic_pinky
copying /home/addinedu/dev_ws/vic_pinky/build/vic_pinky/build/lib/vic_pinky/ip_test.py -> /home/addinedu/dev_ws/vic_pinky/install/vic_pinky/lib/python3.12/site-packages/vic_pinky
copying /home/addinedu/dev_ws/vic_pinky/build/vic_pinky/build/lib/vic_pinky/arcs_box.py -> /home/addinedu/dev_ws/vic_pinky/install/vic_pinky/lib/python3.12/site-packages/vic_pinky
copying /home/addinedu/dev_ws/vic_pinky/build/vic_pinky/build/lib/vic_pinky/__init__.py -> /home/addinedu/dev_ws/vic_pinky/install/vic_pinky/lib/python3.12/site-packages/vic_pinky
copying /home/addinedu/dev_ws/vic_pinky/build/vic_pinky/build/lib/vic_pinky/arcs_avoid.py -> /home/addinedu/dev_ws/vic_pinky/install/vic_pinky/lib/python3.12/site-packages/vic_pinky
byte-compiling /home/addinedu/dev_ws/vic_pinky/install/vic_pinky/lib/python3.12/site-packages/vic_pinky/arcs_lidar.py to arcs_lidar.cpython-312.pyc
byte-compiling /home/addinedu/dev_ws/vic_pinky/install/vic_pinky/lib/python3.12/site-packages/vic_pinky/arcs_person.py to arcs_person.cpython-312.pyc
byte-compiling /home/addinedu/dev_ws/vic_pinky/install/vic_pinky/lib/python3.12/site-packages/vic_pinky/arcs_current_position_publisher.py to arcs_current_position_publisher.cpython-312.pyc
byte-compiling /home/addinedu/dev_ws/vic_pinky/install/vic_pinky/lib/python3.12/site-packages/vic_pinky/arcs_aggregator.py to arcs_aggregator.cpython-312.pyc
byte-compiling /home/addinedu/dev_ws/vic_pinky/install/vic_pinky/lib/python3.12/site-packages/vic_pinky/arcs_arrival_sender.py to arcs_arrival_sender.cpython-312.pyc
byte-compiling /home/addinedu/dev_ws/vic_pinky/install/vic_pinky/lib/python3.12/site-packages/vic_pinky/arcs_path.py to arcs_path.cpython-312.pyc
byte-compiling /home/addinedu/dev_ws/vic_pinky/install/vic_pinky/lib/python3.12/site-packages/vic_pinky/arcs_loadcell_publisher.py to arcs_loadcell_publisher.cpython-312.pyc
byte-compiling /home/addinedu/dev_ws/vic_pinky/install/vic_pinky/lib/python3.12/site-packages/vic_pinky/arcs_commander.py to arcs_commander.cpython-312.pyc
byte-compiling /home/addinedu/dev_ws/vic_pinky/install/vic_pinky/lib/python3.12/site-packages/vic_pinky/arcs_video.py to arcs_video.cpython-312.pyc
byte-compiling /home/addinedu/dev_ws/vic_pinky/install/vic_pinky/lib/python3.12/site-packages/vic_pinky/arcs_follower.py to arcs_follower.cpython-312.pyc
byte-compiling /home/addinedu/dev_ws/vic_pinky/install/vic_pinky/lib/python3.12/site-packages/vic_pinky/arcs_box2.py to arcs_box2.cpython-312.pyc
byte-compiling /home/addinedu/dev_ws/vic_pinky/install/vic_pinky/lib/python3.12/site-packages/vic_pinky/arcs_navigator.py to arcs_navigator.cpython-312.pyc
byte-compiling /home/addinedu/dev_ws/vic_pinky/install/vic_pinky/lib/python3.12/site-packages/vic_pinky/ip_test.py to ip_test.cpython-312.pyc
byte-compiling /home/addinedu/dev_ws/vic_pinky/install/vic_pinky/lib/python3.12/site-packages/vic_pinky/arcs_box.py to arcs_box.cpython-312.pyc
byte-compiling /home/addinedu/dev_ws/vic_pinky/install/vic_pinky/lib/python3.12/site-packages/vic_pinky/__init__.py to __init__.cpython-312.pyc
byte-compiling /home/addinedu/dev_ws/vic_pinky/install/vic_pinky/lib/python3.12/site-packages/vic_pinky/arcs_avoid.py to arcs_avoid.cpython-312.pyc
running install_data
creating /home/addinedu/dev_ws/vic_pinky/install/vic_pinky/share/ament_index/resource_index/packages
copying resource/vic_pinky -> /home/addinedu/dev_ws/vic_pinky/install/vic_pinky/share/ament_index/resource_index/packages
copying package.xml -> /home/addinedu/dev_ws/vic_pinky/install/vic_pinky/share/vic_pinky
running install_egg_info
Copying ../../build/vic_pinky/vic_pinky.egg-info to /home/addinedu/dev_ws/vic_pinky/install/vic_pinky/lib/python3.12/site-packages/vic_pinky-0.0.0-py3.12.egg-info
running install_scripts
Installing arcs_aggregator script to /home/addinedu/dev_ws/vic_pinky/install/vic_pinky/lib/vic_pinky
Installing arcs_arrival_sender script to /home/addinedu/dev_ws/vic_pinky/install/vic_pinky/lib/vic_pinky
Installing arcs_avoid script to /home/addinedu/dev_ws/vic_pinky/install/vic_pinky/lib/vic_pinky
Installing arcs_commander script to /home/addinedu/dev_ws/vic_pinky/install/vic_pinky/lib/vic_pinky
Installing arcs_current_position_publisher script to /home/addinedu/dev_ws/vic_pinky/install/vic_pinky/lib/vic_pinky
Installing arcs_distance_publisher script to /home/addinedu/dev_ws/vic_pinky/install/vic_pinky/lib/vic_pinky
Installing arcs_follower script to /home/addinedu/dev_ws/vic_pinky/install/vic_pinky/lib/vic_pinky
Installing arcs_loadcell_publisher script to /home/addinedu/dev_ws/vic_pinky/install/vic_pinky/lib/vic_pinky
Installing arcs_navigator script to /home/addinedu/dev_ws/vic_pinky/install/vic_pinky/lib/vic_pinky
Installing arcs_path script to /home/addinedu/dev_ws/vic_pinky/install/vic_pinky/lib/vic_pinky
Installing arcs_person script to /home/addinedu/dev_ws/vic_pinky/install/vic_pinky/lib/vic_pinky
Installing arcs_video script to /home/addinedu/dev_ws/vic_pinky/install/vic_pinky/lib/vic_pinky
writing list of installed files to '/home/addinedu/dev_ws/vic_pinky/build/vic_pinky/install.log'
